<?xml version="1.0" encoding="UTF-8"?>
<testsuite name="PizzaDslTest" tests="8" skipped="0" failures="0" errors="0" timestamp="2015-10-22T19:21:09" hostname="Deeps" time="0.172">
  <properties/>
  <testcase name="testForSpreadingSauceAtLayerOne" classname="PizzaDslTest" time="0.092"/>
  <testcase name="testForBakingAPizza" classname="PizzaDslTest" time="0.0"/>
  <testcase name="testForSpreadingSauceAtLayerOneSpreadingCheeseAtLayerTwo" classname="PizzaDslTest" time="0.0"/>
  <testcase name="testForSpreadingCheeseAtLayerOneAndAddingToppingsAtLayerTwo" classname="PizzaDslTest" time="0.076"/>
  <testcase name="testForCreatingANewPizzaAndAndBakingIt" classname="PizzaDslTest" time="0.0"/>
  <testcase name="testForCreatingPizzaWithZeroLayers" classname="PizzaDslTest" time="0.0"/>
  <testcase name="testForCreatingpizzaWithZeroLayers" classname="PizzaDslTest" time="0.001"/>
  <testcase name="testCanary" classname="PizzaDslTest" time="0.0"/>
  <system-out><![CDATA[]]></system-out>
  <system-err><![CDATA[]]></system-err>
</testsuite>
